2024-06-06 17:42:42 -  - exec CUpdateClient::GetUpdatesList
2024-06-06 17:42:42 -  - exec CUpdateClient::CollectRequestData
2024-06-06 17:42:42 -  - LICENSE_KEY=X&lang=ru&SUPD_VER=23.300.0&VERSION=23.300.100&TYPENC=D&SUPD_STS=1&SUPD_URS=1&SUPD_DBS=MYSQL&XE=N&CLIENT_SITE=bitrix&CHHB=bitrix%3A8888&CSAB=%3A%3A1&SUID=tq1h4u07y475liwdtvt1q8i5qkrgaokd&CANGZIP=Y&CLIENT_PHPVER=8.1.13&stable=Y&mbfo=0&NGINX=Y&SMD=N&rerere=Y&bitm_main=23.300.100&bitm_vote=23.0.0&bitm_ui=22.1600.0&bitm_landing=23.600.150&bitm_mobileapp=23.0.0&bitm_form=22.0.0&bitm_perfmon=21.0.0&bitm_scale=21.0.0&bitm_highloadblock=22.200.0&bitm_security=21.300.0&bitm_translate=23.200.0&bitm_location=23.0.0&bitm_socialservices=22.200.400&bitm_photogallery=22.0.200&bitm_blog=22.0.0&bitm_clouds=23.0.0&bitm_search=22.100.0&bitm_iblock=23.100.0&bitm_forum=23.0.0&bitm_subscribe=21.0.0&bitm_messageservice=23.0.0&bitm_bitrixcloud=22.100.0&bitm_seo=23.200.0&bitm_b24connector=22.0.0&bitm_rest=23.100.0&bitm_fileman=22.300.0&bitl_ru=&bitl_en=&SUPD_SRS=RU&SUPD_CMP=N&SALE_15=Y&LICENSE_SIGNED=%7Enew_license18_0_sign-Y
2024-06-06 17:42:42 -  - exec CUpdateClient::GetHTTPPage
2024-06-06 17:42:43 -  - TIME GetUpdatesList(request) 0.087 sec
2024-06-06 17:42:43 -  - exec CUpdateClient::ParseServerData
2024-06-06 17:42:43 -  - exec CUpdateClient::executeCounters
2024-06-06 17:42:43 -  - exec CUpdateClient::CollectRequestData
2024-06-06 17:42:43 -  - LICENSE_KEY=X&lang=ru&SUPD_VER=23.300.0&VERSION=23.300.100&TYPENC=D&SUPD_STS=1&SUPD_URS=1&SUPD_DBS=MYSQL&XE=N&CLIENT_SITE=bitrix&CHHB=bitrix%3A8888&CSAB=%3A%3A1&SUID=tq1h4u07y475liwdtvt1q8i5qkrgaokd&CANGZIP=Y&CLIENT_PHPVER=8.1.13&stable=Y&mbfo=0&NGINX=Y&SMD=N&rerere=Y&bitm_main=23.300.100&bitm_vote=23.0.0&bitm_ui=22.1600.0&bitm_landing=23.600.150&bitm_mobileapp=23.0.0&bitm_form=22.0.0&bitm_perfmon=21.0.0&bitm_scale=21.0.0&bitm_highloadblock=22.200.0&bitm_security=21.300.0&bitm_translate=23.200.0&bitm_location=23.0.0&bitm_socialservices=22.200.400&bitm_photogallery=22.0.200&bitm_blog=22.0.0&bitm_clouds=23.0.0&bitm_search=22.100.0&bitm_iblock=23.100.0&bitm_forum=23.0.0&bitm_subscribe=21.0.0&bitm_messageservice=23.0.0&bitm_bitrixcloud=22.100.0&bitm_seo=23.200.0&bitm_b24connector=22.0.0&bitm_rest=23.100.0&bitm_fileman=22.300.0&bitl_ru=&bitl_en=&SUPD_SRS=RU&SUPD_CMP=N&SALE_15=Y&LICENSE_SIGNED=%7Enew_license18_0_sign-Y&query_type=counter&cntr_result[436]=X
2024-06-06 17:42:43 -  - exec CUpdateClient::GetHTTPPage
2024-06-06 17:42:43 -  - TIME executeCounters 0.12 sec
2024-06-06 17:43:25 -  - exec CUpdateClient::GetUpdatesList
2024-06-06 17:43:25 -  - exec CUpdateClient::CollectRequestData
2024-06-06 17:43:25 -  - LICENSE_KEY=X&lang=ru&SUPD_VER=23.300.0&VERSION=23.300.100&TYPENC=D&SUPD_STS=1&SUPD_URS=1&SUPD_DBS=MYSQL&XE=N&CLIENT_SITE=bitrix&CHHB=bitrix%3A8888&CSAB=%3A%3A1&SUID=tq1h4u07y475liwdtvt1q8i5qkrgaokd&CANGZIP=Y&CLIENT_PHPVER=8.1.13&stable=Y&mbfo=0&NGINX=Y&SMD=N&rerere=Y&bitm_main=23.300.100&bitm_vote=23.0.0&bitm_ui=22.1600.0&bitm_landing=23.600.150&bitm_mobileapp=23.0.0&bitm_form=22.0.0&bitm_perfmon=21.0.0&bitm_scale=21.0.0&bitm_highloadblock=22.200.0&bitm_security=21.300.0&bitm_translate=23.200.0&bitm_location=23.0.0&bitm_socialservices=22.200.400&bitm_photogallery=22.0.200&bitm_blog=22.0.0&bitm_clouds=23.0.0&bitm_search=22.100.0&bitm_iblock=23.100.0&bitm_forum=23.0.0&bitm_subscribe=21.0.0&bitm_messageservice=23.0.0&bitm_bitrixcloud=22.100.0&bitm_seo=23.200.0&bitm_b24connector=22.0.0&bitm_rest=23.100.0&bitm_fileman=22.300.0&bitl_ru=&bitl_en=&SUPD_SRS=RU&SUPD_CMP=N&SALE_15=Y&LICENSE_SIGNED=%7Enew_license18_0_sign-Y
2024-06-06 17:43:25 -  - exec CUpdateClient::GetHTTPPage
2024-06-06 17:43:25 -  - TIME GetUpdatesList(request) 0.084 sec
2024-06-06 17:43:25 -  - exec CUpdateClient::ParseServerData
2024-06-06 17:43:25 -  - exec CUpdateClient::executeCounters
2024-06-06 17:43:25 -  - exec CUpdateClient::CollectRequestData
2024-06-06 17:43:25 -  - LICENSE_KEY=X&lang=ru&SUPD_VER=23.300.0&VERSION=23.300.100&TYPENC=D&SUPD_STS=1&SUPD_URS=1&SUPD_DBS=MYSQL&XE=N&CLIENT_SITE=bitrix&CHHB=bitrix%3A8888&CSAB=%3A%3A1&SUID=tq1h4u07y475liwdtvt1q8i5qkrgaokd&CANGZIP=Y&CLIENT_PHPVER=8.1.13&stable=Y&mbfo=0&NGINX=Y&SMD=N&rerere=Y&bitm_main=23.300.100&bitm_vote=23.0.0&bitm_ui=22.1600.0&bitm_landing=23.600.150&bitm_mobileapp=23.0.0&bitm_form=22.0.0&bitm_perfmon=21.0.0&bitm_scale=21.0.0&bitm_highloadblock=22.200.0&bitm_security=21.300.0&bitm_translate=23.200.0&bitm_location=23.0.0&bitm_socialservices=22.200.400&bitm_photogallery=22.0.200&bitm_blog=22.0.0&bitm_clouds=23.0.0&bitm_search=22.100.0&bitm_iblock=23.100.0&bitm_forum=23.0.0&bitm_subscribe=21.0.0&bitm_messageservice=23.0.0&bitm_bitrixcloud=22.100.0&bitm_seo=23.200.0&bitm_b24connector=22.0.0&bitm_rest=23.100.0&bitm_fileman=22.300.0&bitl_ru=&bitl_en=&SUPD_SRS=RU&SUPD_CMP=N&SALE_15=Y&LICENSE_SIGNED=%7Enew_license18_0_sign-Y&query_type=counter&cntr_result[438]=X
2024-06-06 17:43:25 -  - exec CUpdateClient::GetHTTPPage
2024-06-06 17:43:25 -  - TIME executeCounters 0.099 sec
2024-06-07 16:32:10 -  - exec CUpdateClient::GetUpdatesList
2024-06-07 16:32:10 -  - exec CUpdateClient::CollectRequestData
2024-06-07 16:32:10 -  - LICENSE_KEY=X&lang=ru&SUPD_VER=23.300.0&VERSION=23.300.100&TYPENC=D&SUPD_STS=1&SUPD_URS=1&SUPD_DBS=MYSQL&XE=N&CLIENT_SITE=bitrix&CHHB=bitrix%3A8888&CSAB=%3A%3A1&SUID=tq1h4u07y475liwdtvt1q8i5qkrgaokd&CANGZIP=Y&CLIENT_PHPVER=8.1.13&stable=Y&mbfo=0&NGINX=Y&SMD=N&rerere=Y&bitm_main=23.300.100&bitm_vote=23.0.0&bitm_ui=22.1600.0&bitm_landing=23.600.150&bitm_mobileapp=23.0.0&bitm_form=22.0.0&bitm_perfmon=21.0.0&bitm_scale=21.0.0&bitm_highloadblock=22.200.0&bitm_security=21.300.0&bitm_translate=23.200.0&bitm_location=23.0.0&bitm_socialservices=22.200.400&bitm_photogallery=22.0.200&bitm_blog=22.0.0&bitm_clouds=23.0.0&bitm_search=22.100.0&bitm_iblock=23.100.0&bitm_forum=23.0.0&bitm_subscribe=21.0.0&bitm_messageservice=23.0.0&bitm_bitrixcloud=22.100.0&bitm_seo=23.200.0&bitm_b24connector=22.0.0&bitm_rest=23.100.0&bitm_fileman=22.300.0&bitl_ru=&bitl_en=&SUPD_SRS=RU&SUPD_CMP=N&SALE_15=Y&LICENSE_SIGNED=%7Enew_license18_0_sign-Y
2024-06-07 16:32:10 -  - exec CUpdateClient::GetHTTPPage
2024-06-07 16:32:11 -  - TIME GetUpdatesList(request) 0.09 sec
2024-06-07 16:32:11 -  - exec CUpdateClient::ParseServerData
2024-06-07 16:32:11 -  - exec CUpdateClient::executeCounters
2024-06-07 16:32:11 -  - exec CUpdateClient::CollectRequestData
2024-06-07 16:32:11 -  - LICENSE_KEY=X&lang=ru&SUPD_VER=23.300.0&VERSION=23.300.100&TYPENC=D&SUPD_STS=1&SUPD_URS=1&SUPD_DBS=MYSQL&XE=N&CLIENT_SITE=bitrix&CHHB=bitrix%3A8888&CSAB=%3A%3A1&SUID=tq1h4u07y475liwdtvt1q8i5qkrgaokd&CANGZIP=Y&CLIENT_PHPVER=8.1.13&stable=Y&mbfo=0&NGINX=Y&SMD=N&rerere=Y&bitm_main=23.300.100&bitm_vote=23.0.0&bitm_ui=22.1600.0&bitm_landing=23.600.150&bitm_mobileapp=23.0.0&bitm_form=22.0.0&bitm_perfmon=21.0.0&bitm_scale=21.0.0&bitm_highloadblock=22.200.0&bitm_security=21.300.0&bitm_translate=23.200.0&bitm_location=23.0.0&bitm_socialservices=22.200.400&bitm_photogallery=22.0.200&bitm_blog=22.0.0&bitm_clouds=23.0.0&bitm_search=22.100.0&bitm_iblock=23.100.0&bitm_forum=23.0.0&bitm_subscribe=21.0.0&bitm_messageservice=23.0.0&bitm_bitrixcloud=22.100.0&bitm_seo=23.200.0&bitm_b24connector=22.0.0&bitm_rest=23.100.0&bitm_fileman=22.300.0&bitl_ru=&bitl_en=&SUPD_SRS=RU&SUPD_CMP=N&SALE_15=Y&LICENSE_SIGNED=%7Enew_license18_0_sign-Y&query_type=counter&cntr_result[440]=X&cntr_result[442]=&cntr_result[444]=
2024-06-07 16:32:11 -  - exec CUpdateClient::GetHTTPPage
2024-06-07 16:32:11 -  - TIME executeCounters 0.086 sec
